#
# There is insufficient memory for the Java Runtime Environment to continue.
# Native memory allocation (malloc) failed to allocate 405296 bytes for Chunk::new
# Possible reasons:
#   The system is out of physical RAM or swap space
#   In 32 bit mode, the process size limit was hit
# Possible solutions:
#   Reduce memory load on the system
#   Increase physical memory or swap space
#   Check if swap backing store is full
#   Use 64 bit Java on a 64 bit OS
#   Decrease Java heap size (-Xmx/-Xms)
#   Decrease number of Java threads
#   Decrease Java thread stack sizes (-Xss)
#   Set larger code cache with -XX:ReservedCodeCacheSize=
# This output file may be truncated or incomplete.
#
#  Out of Memory Error (allocation.cpp:390), pid=5056, tid=11800
#
# JRE version: Java(TM) SE Runtime Environment (8.0_65-b17) (build 1.8.0_65-b17)
# Java VM: Java HotSpot(TM) 64-Bit Server VM (25.65-b01 mixed mode windows-amd64 compressed oops)
# Failed to write core dump. Minidumps are not enabled by default on client versions of Windows
#

---------------  T H R E A D  ---------------

Current thread (0x0000000017302800):  JavaThread "C2 CompilerThread1" daemon [_thread_in_native, id=11800, stack(0x0000000017970000,0x0000000017a70000)]

Stack: [0x0000000017970000,0x0000000017a70000]
[error occurred during error reporting (printing stack bounds), id 0xc0000005]

Native frames: (J=compiled Java code, j=interpreted, Vv=VM code, C=native code)


Current CompileTask:
C2:   1609 1065       4       com.android.dx.ssa.SCCP::simulateStmt (481 bytes)


---------------  P R O C E S S  ---------------

Java Threads: ( => current thread )
  0x00000000175db000 JavaThread "pool-1-thread-4" [_thread_blocked, id=13568, stack(0x0000000018a70000,0x0000000018b70000)]
  0x0000000017e77000 JavaThread "pool-1-thread-3" [_thread_in_Java, id=2292, stack(0x0000000018970000,0x0000000018a70000)]
  0x0000000017e74800 JavaThread "pool-1-thread-2" [_thread_blocked, id=10684, stack(0x0000000018870000,0x0000000018970000)]
  0x000000001766e000 JavaThread "pool-2-thread-1" [_thread_blocked, id=9120, stack(0x0000000018770000,0x0000000018870000)]
  0x00000000175b4800 JavaThread "pool-1-thread-1" [_thread_blocked, id=10696, stack(0x0000000018670000,0x0000000018770000)]
  0x0000000017387000 JavaThread "Service Thread" daemon [_thread_blocked, id=11032, stack(0x0000000017c70000,0x0000000017d70000)]
  0x00000000172fd000 JavaThread "C1 CompilerThread3" daemon [_thread_in_native, id=1732, stack(0x0000000017b70000,0x0000000017c70000)]
  0x00000000172fc800 JavaThread "C2 CompilerThread2" daemon [_thread_in_native, id=12772, stack(0x0000000017a70000,0x0000000017b70000)]
=>0x0000000017302800 JavaThread "C2 CompilerThread1" daemon [_thread_in_native, id=11800, stack(0x0000000017970000,0x0000000017a70000)]
  0x00000000172f9000 JavaThread "C2 CompilerThread0" daemon [_thread_in_native, id=7160, stack(0x0000000017870000,0x0000000017970000)]
  0x00000000172a7000 JavaThread "Attach Listener" daemon [_thread_blocked, id=424, stack(0x0000000017770000,0x0000000017870000)]
  0x00000000172a6800 JavaThread "Signal Dispatcher" daemon [_thread_blocked, id=8336, stack(0x0000000017670000,0x0000000017770000)]
  0x00000000151ac000 JavaThread "Finalizer" daemon [_thread_blocked, id=5092, stack(0x0000000017090000,0x0000000017190000)]
  0x00000000151ab000 JavaThread "Reference Handler" daemon [_thread_blocked, id=11280, stack(0x0000000016f90000,0x0000000017090000)]
  0x0000000002591000 JavaThread "main" [_thread_blocked, id=12200, stack(0x0000000002390000,0x0000000002490000)]

Other Threads:
  0x00000000151a7800 VMThread [stack: 0x0000000016e90000,0x0000000016f90000] [id=7672]
  0x00000000173b0000 WatcherThread [stack: 0x0000000017d70000,0x0000000017e70000] [id=15112]

VM state:not at safepoint (normal execution)

VM Mutex/Monitor currently owned by a thread: None

Heap:
 PSYoungGen      total 38400K, used 14001K [0x00000000eab00000, 0x00000000ed580000, 0x0000000100000000)
  eden space 33280K, 26% used [0x00000000eab00000,0x00000000eb3ad080,0x00000000ecb80000)
  from space 5120K, 99% used [0x00000000ecb80000,0x00000000ed07f660,0x00000000ed080000)
  to   space 5120K, 0% used [0x00000000ed080000,0x00000000ed080000,0x00000000ed580000)
 ParOldGen       total 87552K, used 88K [0x00000000c0000000, 0x00000000c5580000, 0x00000000eab00000)
  object space 87552K, 0% used [0x00000000c0000000,0x00000000c00162e0,0x00000000c5580000)
 Metaspace       used 5952K, capacity 6834K, committed 7040K, reserved 1056768K
  class space    used 604K, capacity 618K, committed 640K, reserved 1048576K

Card table byte_map: [0x0000000011a50000,0x0000000011c60000] byte_map_base: 0x0000000011450000

Marking Bits: (ParMarkBitMap*) 0x000000007106a5b0
 Begin Bits: [0x00000000125c0000, 0x00000000135c0000)
 End Bits:   [0x00000000135c0000, 0x00000000145c0000)

Polling page: 0x0000000000590000

CodeCache: size=245760Kb used=4010Kb max_used=4028Kb free=241749Kb
 bounds [0x0000000002690000, 0x0000000002a90000, 0x0000000011690000]
 total_blobs=1330 nmethods=1059 adapters=184
 compilation: enabled

Compilation events (10 events):
Event: 1.604 Thread 0x00000000172fd000 nmethod 1080 0x0000000002a7af10 code [0x0000000002a7b0c0, 0x0000000002a7b748]
Event: 1.604 Thread 0x00000000172fd000 1081       3       com.android.dx.cf.code.ByteBlock::<init> (181 bytes)
Event: 1.605 Thread 0x00000000172fd000 nmethod 1081 0x0000000002a7b950 code [0x0000000002a7bc20, 0x0000000002a7cf28]
Event: 1.605 Thread 0x00000000172fd000 1088   !   3       com.android.dx.cf.code.Ropper::processBlock (1101 bytes)
Event: 1.606 Thread 0x00000000172fc800 nmethod 1075 0x0000000002a67190 code [0x0000000002a672e0, 0x0000000002a67538]
Event: 1.606 Thread 0x00000000172fc800 1082       4       java.util.AbstractSet::<init> (5 bytes)
Event: 1.606 Thread 0x00000000172f9000 nmethod 1074 0x0000000002a80110 code [0x0000000002a80260, 0x0000000002a804b8]
Event: 1.606 Thread 0x00000000172f9000 1098       4       com.android.dx.util.LabeledList::set (45 bytes)
Event: 1.606 Thread 0x00000000172fc800 nmethod 1082 0x0000000002a7ea10 code [0x0000000002a7eb40, 0x0000000002a7eb98]
Event: 1.606 Thread 0x00000000172fc800 1086       4       java.util.Collections$UnmodifiableCollection$1::next (10 bytes)

GC Heap History (2 events):
Event: 1.182 GC heap before
{Heap before GC invocations=1 (full 0):
 PSYoungGen      total 38400K, used 33280K [0x00000000eab00000, 0x00000000ed580000, 0x0000000100000000)
  eden space 33280K, 100% used [0x00000000eab00000,0x00000000ecb80000,0x00000000ecb80000)
  from space 5120K, 0% used [0x00000000ed080000,0x00000000ed080000,0x00000000ed580000)
  to   space 5120K, 0% used [0x00000000ecb80000,0x00000000ecb80000,0x00000000ed080000)
 ParOldGen       total 87552K, used 0K [0x00000000c0000000, 0x00000000c5580000, 0x00000000eab00000)
  object space 87552K, 0% used [0x00000000c0000000,0x00000000c0000000,0x00000000c5580000)
 Metaspace       used 5840K, capacity 6706K, committed 6784K, reserved 1056768K
  class space    used 602K, capacity 618K, committed 640K, reserved 1048576K
Event: 1.368 GC heap after
Heap after GC invocations=1 (full 0):
 PSYoungGen      total 38400K, used 5117K [0x00000000eab00000, 0x00000000ed580000, 0x0000000100000000)
  eden space 33280K, 0% used [0x00000000eab00000,0x00000000eab00000,0x00000000ecb80000)
  from space 5120K, 99% used [0x00000000ecb80000,0x00000000ed07f660,0x00000000ed080000)
  to   space 5120K, 0% used [0x00000000ed080000,0x00000000ed080000,0x00000000ed580000)
 ParOldGen       total 87552K, used 88K [0x00000000c0000000, 0x00000000c5580000, 0x00000000eab00000)
  object space 87552K, 0% used [0x00000000c0000000,0x00000000c00162e0,0x00000000c5580000)
 Metaspace       used 5840K, capacity 6706K, committed 6784K, reserved 1056768K
  class space    used 602K, capacity 618K, committed 640K, reserved 1048576K
}

Deoptimization events (7 events):
Event: 0.509 Thread 0x0000000002591000 Uncommon trap: reason=unstable_if action=reinterpret pc=0x00000000027ed054 method=java.lang.String.compareTo(Ljava/lang/String;)I @ 38
Event: 0.867 Thread 0x00000000175b4800 Uncommon trap: reason=unstable_if action=reinterpret pc=0x00000000028afab8 method=java.util.HashMap.getNode(ILjava/lang/Object;)Ljava/util/HashMap$Node; @ 62
Event: 0.892 Thread 0x00000000175db000 Uncommon trap: reason=unstable_if action=reinterpret pc=0x00000000028dd828 method=java.util.HashMap.getNode(ILjava/lang/Object;)Ljava/util/HashMap$Node; @ 62
Event: 0.931 Thread 0x0000000017e77000 Uncommon trap: reason=unstable_if action=reinterpret pc=0x000000000291d25c method=com.android.dx.rop.code.LocalItem.hashCode()I @ 25
Event: 1.180 Thread 0x00000000175db000 Uncommon trap: reason=class_check action=maybe_recompile pc=0x000000000298ea20 method=com.android.dx.rop.type.Type.equals(Ljava/lang/Object;)Z @ 8
Event: 1.416 Thread 0x00000000175db000 Uncommon trap: reason=null_check action=make_not_entrant pc=0x000000000298ea30 method=com.android.dx.rop.type.Type.equals(Ljava/lang/Object;)Z @ 8
Event: 1.432 Thread 0x00000000175db000 Uncommon trap: reason=unstable_if action=reinterpret pc=0x00000000028bbc30 method=java.util.BitSet.nextSetBit(I)I @ 87

Internal exceptions (3 events):
Event: 0.233 Thread 0x0000000002591000 Exception <a 'java/lang/NoSuchMethodError': Method sun.misc.Unsafe.defineClass(Ljava/lang/String;[BII)Ljava/lang/Class; name or signature does not match> (0x00000000eab13090) thrown at [C:\workspace\8-2-build-windows-amd64-cygwin\jdk8u65\4987\hotspot\src\sTÎÍ!ÕÍ?
Event: 0.233 Thread 0x0000000002591000 Exception <a 'java/lang/NoSuchMethodError': Method sun.misc.Unsafe.prefetchRead(Ljava/lang/Object;J)V name or signature does not match> (0x00000000eab13378) thrown at [C:\workspace\8-2-build-windows-amd64-cygwin\jdk8u65\4987\hotspot\src\share\vm\prims\jni.²dÜ9J§ö?
Event: 1.416 Thread 0x00000000175db000 Implicit null exception at 0x000000000298e922 to 0x000000000298ea21

Events (10 events):
Event: 1.372 loading class sun/nio/ch/Interruptible
Event: 1.372 loading class sun/nio/ch/Interruptible done
Event: 1.381 loading class com/android/dx/cf/code/SwitchList
Event: 1.381 loading class com/android/dx/cf/code/SwitchList done
Event: 1.416 Thread 0x00000000175db000 Uncommon trap: trap_request=0xfffffff4 fr.pc=0x000000000298ea30
Event: 1.416 Thread 0x00000000175db000 DEOPT PACKING pc=0x000000000298ea30 sp=0x0000000018b6e670
Event: 1.416 Thread 0x00000000175db000 DEOPT UNPACKING pc=0x00000000026d582a sp=0x0000000018b6e618 mode 2
Event: 1.432 Thread 0x00000000175db000 Uncommon trap: trap_request=0xffffff65 fr.pc=0x00000000028bbc30
Event: 1.432 Thread 0x00000000175db000 DEOPT PACKING pc=0x00000000028bbc30 sp=0x0000000018b6e880
Event: 1.432 Thread 0x00000000175db000 DEOPT UNPACKING pc=0x00000000026d582a sp=0x0000000018b6e818 mode 2


Dynamic libraries:
0x00007ff60d720000 - 0x00007ff60d757000 	C:\Program Files\Java\jdk1.8.0_65\bin\java.exe
0x00007ffe41940000 - 0x00007ffe41b01000 	C:\WINDOWS\SYSTEM32\ntdll.dll
0x00007ffe40cf0000 - 0x00007ffe40d9d000 	C:\WINDOWS\system32\KERNEL32.DLL
0x00007ffe3e810000 - 0x00007ffe3e9f8000 	C:\WINDOWS\system32\KERNELBASE.dll
0x00007ffe41250000 - 0x00007ffe412f7000 	C:\WINDOWS\system32\ADVAPI32.dll
0x00007ffe40e20000 - 0x00007ffe40ebd000 	C:\WINDOWS\system32\msvcrt.dll
0x00007ffe3eed0000 - 0x00007ffe3ef2b000 	C:\WINDOWS\system32\sechost.dll
0x00007ffe3ed40000 - 0x00007ffe3ee5c000 	C:\WINDOWS\system32\RPCRT4.dll
0x00007ffe41300000 - 0x00007ffe41456000 	C:\WINDOWS\system32\USER32.dll
0x00007ffe40b60000 - 0x00007ffe40ce6000 	C:\WINDOWS\system32\GDI32.dll
0x00007ffe377f0000 - 0x00007ffe37a64000 	C:\WINDOWS\WinSxS\amd64_microsoft.windows.common-controls_6595b64144ccf1df_6.0.10586.0_none_8c15ae12515e1c22\COMCTL32.dll
0x00007ffe41570000 - 0x00007ffe417ed000 	C:\WINDOWS\system32\combase.dll
0x00007ffe3ebd0000 - 0x00007ffe3ec3a000 	C:\WINDOWS\system32\bcryptPrimitives.dll
0x00007ffe40de0000 - 0x00007ffe40e1b000 	C:\WINDOWS\system32\IMM32.DLL
0x00000000705e0000 - 0x00000000706b2000 	C:\Program Files\Java\jdk1.8.0_65\jre\bin\msvcr100.dll
0x0000000070860000 - 0x00000000710e9000 	C:\Program Files\Java\jdk1.8.0_65\jre\bin\server\jvm.dll
0x00007ffe40db0000 - 0x00007ffe40db8000 	C:\WINDOWS\system32\PSAPI.DLL
0x00007ffe31050000 - 0x00007ffe31059000 	C:\WINDOWS\SYSTEM32\WSOCK32.dll
0x00007ffe40ed0000 - 0x00007ffe40f3b000 	C:\WINDOWS\system32\WS2_32.dll
0x00007ffe3c100000 - 0x00007ffe3c123000 	C:\WINDOWS\SYSTEM32\WINMM.dll
0x00007ffe39220000 - 0x00007ffe3922a000 	C:\WINDOWS\SYSTEM32\VERSION.dll
0x00007ffe3c0b0000 - 0x00007ffe3c0dc000 	C:\WINDOWS\SYSTEM32\WINMMBASE.dll
0x00007ffe3ecd0000 - 0x00007ffe3ed13000 	C:\WINDOWS\system32\cfgmgr32.dll
0x0000000071520000 - 0x000000007152f000 	C:\Program Files\Java\jdk1.8.0_65\jre\bin\verify.dll
0x00000000714f0000 - 0x0000000071519000 	C:\Program Files\Java\jdk1.8.0_65\jre\bin\java.dll
0x00000000714d0000 - 0x00000000714e6000 	C:\Program Files\Java\jdk1.8.0_65\jre\bin\zip.dll
0x00007ffe3f5a0000 - 0x00007ffe40afc000 	C:\WINDOWS\system32\SHELL32.dll
0x00007ffe3e1c0000 - 0x00007ffe3e805000 	C:\WINDOWS\system32\windows.storage.dll
0x00007ffe3ef30000 - 0x00007ffe3ef82000 	C:\WINDOWS\system32\shlwapi.dll
0x00007ffe3dfe0000 - 0x00007ffe3dfef000 	C:\WINDOWS\system32\kernel.appcore.dll
0x00007ffe3e100000 - 0x00007ffe3e1b5000 	C:\WINDOWS\system32\shcore.dll
0x00007ffe3df60000 - 0x00007ffe3dfab000 	C:\WINDOWS\system32\powrprof.dll
0x00007ffe3dfb0000 - 0x00007ffe3dfc4000 	C:\WINDOWS\system32\profapi.dll

VM Arguments:
jvm_args: -Djava.awt.headless=true -Xmx1024M -Dfile.encoding=GBK -Duser.country=US -Duser.language=en -Duser.variant 
java_command: com.android.dx.command.Main --dex --num-threads=4 --output J:\AndroidStudioProjects\SqlApplication\app\build\intermediates\pre-dexed\debug\com.android.support-support-v4-23.2.0_299ff3118161a65dc6e4603c2183d52ee0236a8a.jar J:\AndroidStudioProjects\SqlApplication\app\build\intermediates\exploded-aar\com.android.support\support-v4\23.2.0\jars\classes.jar
java_class_path (initial): C:\Users\Freakingnoli\AppData\Local\Android\Sdk\build-tools\23.0.2\lib\dx.jar
Launcher Type: SUN_STANDARD

Environment Variables:
JAVA_HOME=C:\Program Files\Java\jdk1.8.0_65
PATH=C:\ProgramData\Oracle\Java\javapath;C:\Program Files (x86)\NVIDIA Corporation\PhysX\Common;C:\WINDOWS\system32;C:\WINDOWS;C:\WINDOWS\System32\Wbem;C:\WINDOWS\System32\WindowsPowerShell\v1.0\;C:\Program Files (x86)\Calibre2\;C:\Program Files (x86)\Microsoft SQL Server\90\Tools\binn\
USERNAME=Freakingnoli
OS=Windows_NT
PROCESSOR_IDENTIFIER=Intel64 Family 6 Model 58 Stepping 9, GenuineIntel



---------------  S Y S T E M  ---------------

OS: Windows 10.0 , 64 bit Build 10586 (10.0.10586.0)

CPU:total 8 (4 cores per cpu, 2 threads per core) family 6 model 58 stepping 9, cmov, cx8, fxsr, mmx, sse, sse2, sse3, ssse3, sse4.1, sse4.2, popcnt, avx, aes, clmul, erms, ht, tsc, tscinvbit, tscinv

Memory: 4k page, physical 8340400k(913396k free), swap 21448428k(5156k free)

vm_info: Java HotSpot(TM) 64-Bit Server VM (25.65-b01) for windows-amd64 JRE (1.8.0_65-b17), built on Oct  6 2015 16:39:20 by "java_re" with MS VC++ 10.0 (VS2010)

time: Thu Apr 21 15:32:58 2016
elapsed time: 1 seconds (0d 0h 0m 1s)

