#
# There is insufficient memory for the Java Runtime Environment to continue.
# Native memory allocation (malloc) failed to allocate 262160 bytes for Chunk::new
# Possible reasons:
#   The system is out of physical RAM or swap space
#   In 32 bit mode, the process size limit was hit
# Possible solutions:
#   Reduce memory load on the system
#   Increase physical memory or swap space
#   Check if swap backing store is full
#   Use 64 bit Java on a 64 bit OS
#   Decrease Java heap size (-Xmx/-Xms)
#   Decrease number of Java threads
#   Decrease Java thread stack sizes (-Xss)
#   Set larger code cache with -XX:ReservedCodeCacheSize=
# This output file may be truncated or incomplete.
#
#  Out of Memory Error (allocation.cpp:390), pid=10220, tid=15820
#
# JRE version: Java(TM) SE Runtime Environment (8.0_65-b17) (build 1.8.0_65-b17)
# Java VM: Java HotSpot(TM) 64-Bit Server VM (25.65-b01 mixed mode windows-amd64 compressed oops)
# Failed to write core dump. Minidumps are not enabled by default on client versions of Windows
#

---------------  T H R E A D  ---------------

Current thread (0x0000000017308000):  JavaThread "C2 CompilerThread2" daemon [_thread_in_native, id=15820, stack(0x0000000017a70000,0x0000000017b70000)]

Stack: [0x0000000017a70000,0x0000000017b70000]
[error occurred during error reporting (printing stack bounds), id 0xc0000005]

Native frames: (J=compiled Java code, j=interpreted, Vv=VM code, C=native code)


Current CompileTask:
C2:   1624 1261   !   4       com.android.dx.cf.cst.ConstantPoolParser::parse0 (731 bytes)


---------------  P R O C E S S  ---------------

Java Threads: ( => current thread )
  0x0000000017659000 JavaThread "pool-1-thread-4" [_thread_blocked, id=13984, stack(0x0000000018a70000,0x0000000018b70000)]
  0x0000000017658800 JavaThread "pool-1-thread-3" [_thread_in_Java, id=2260, stack(0x0000000018970000,0x0000000018a70000)]
  0x0000000017562800 JavaThread "pool-1-thread-2" [_thread_in_Java, id=804, stack(0x0000000018870000,0x0000000018970000)]
  0x0000000017562000 JavaThread "pool-2-thread-1" [_thread_blocked, id=5116, stack(0x0000000018770000,0x0000000018870000)]
  0x0000000017561000 JavaThread "pool-1-thread-1" [_thread_in_Java, id=15020, stack(0x0000000018670000,0x0000000018770000)]
  0x000000001739f800 JavaThread "Service Thread" daemon [_thread_blocked, id=14096, stack(0x0000000017c70000,0x0000000017d70000)]
  0x000000001730b000 JavaThread "C1 CompilerThread3" daemon [_thread_blocked, id=1560, stack(0x0000000017b70000,0x0000000017c70000)]
=>0x0000000017308000 JavaThread "C2 CompilerThread2" daemon [_thread_in_native, id=15820, stack(0x0000000017a70000,0x0000000017b70000)]
  0x00000000172f8000 JavaThread "C2 CompilerThread1" daemon [_thread_in_native, id=10520, stack(0x0000000017970000,0x0000000017a70000)]
  0x00000000172f5800 JavaThread "C2 CompilerThread0" daemon [_thread_in_native, id=3432, stack(0x0000000017870000,0x0000000017970000)]
  0x00000000172f1800 JavaThread "Attach Listener" daemon [_thread_blocked, id=7444, stack(0x0000000017770000,0x0000000017870000)]
  0x00000000172a7800 JavaThread "Signal Dispatcher" daemon [_thread_blocked, id=12784, stack(0x0000000017670000,0x0000000017770000)]
  0x0000000002678800 JavaThread "Finalizer" daemon [_thread_blocked, id=9036, stack(0x0000000017090000,0x0000000017190000)]
  0x0000000002672000 JavaThread "Reference Handler" daemon [_thread_blocked, id=7380, stack(0x0000000016f90000,0x0000000017090000)]
  0x0000000002581000 JavaThread "main" [_thread_blocked, id=5260, stack(0x0000000002480000,0x0000000002580000)]

Other Threads:
  0x0000000015199000 VMThread [stack: 0x0000000016e90000,0x0000000016f90000] [id=15464]
  0x00000000173e4000 WatcherThread [stack: 0x0000000017d70000,0x0000000017e70000] [id=10404]

VM state:not at safepoint (normal execution)

VM Mutex/Monitor currently owned by a thread: None

Heap:
 PSYoungGen      total 38400K, used 26831K [0x00000000eab00000, 0x00000000ef600000, 0x0000000100000000)
  eden space 33280K, 65% used [0x00000000eab00000,0x00000000ec03a7f8,0x00000000ecb80000)
  from space 5120K, 99% used [0x00000000ecb80000,0x00000000ed079628,0x00000000ed080000)
  to   space 5120K, 0% used [0x00000000ef100000,0x00000000ef100000,0x00000000ef600000)
 ParOldGen       total 87552K, used 1142K [0x00000000c0000000, 0x00000000c5580000, 0x00000000eab00000)
  object space 87552K, 1% used [0x00000000c0000000,0x00000000c011d908,0x00000000c5580000)
 Metaspace       used 6117K, capacity 6964K, committed 7040K, reserved 1056768K
  class space    used 605K, capacity 620K, committed 640K, reserved 1048576K

Card table byte_map: [0x0000000011a40000,0x0000000011c50000] byte_map_base: 0x0000000011440000

Marking Bits: (ParMarkBitMap*) 0x000000007106a5b0
 Begin Bits: [0x00000000125b0000, 0x00000000135b0000)
 End Bits:   [0x00000000135b0000, 0x00000000145b0000)

Polling page: 0x0000000000550000

CodeCache: size=245760Kb used=5088Kb max_used=5101Kb free=240671Kb
 bounds [0x0000000002680000, 0x0000000002b90000, 0x0000000011680000]
 total_blobs=1551 nmethods=1280 adapters=184
 compilation: enabled

Compilation events (10 events):
Event: 1.564 Thread 0x00000000172f8000 nmethod 1305 0x0000000002b7d610 code [0x0000000002b7d780, 0x0000000002b7ddd8]
Event: 1.564 Thread 0x00000000172f8000 1256       4       com.android.dx.cf.iface.StdAttributeList::get (9 bytes)
Event: 1.565 Thread 0x00000000172f8000 nmethod 1256 0x0000000002b7ba90 code [0x0000000002b7bbe0, 0x0000000002b7bcf8]
Event: 1.565 Thread 0x00000000172f8000 1295       4       java.util.HashSet::<init> (16 bytes)
Event: 1.566 Thread 0x00000000172f8000 nmethod 1295 0x0000000002b775d0 code [0x0000000002b77720, 0x0000000002b77818]
Event: 1.566 Thread 0x00000000172f8000 1272       4       com.android.dx.ssa.SsaMethod$2::visitNonMoveInsn (6 bytes)
Event: 1.566 Thread 0x00000000172f8000 nmethod 1272 0x0000000002b25150 code [0x0000000002b252a0, 0x0000000002b25328]
Event: 1.566 Thread 0x00000000172f8000 1265       4       com.android.dx.ssa.SsaRenamer$BlockRenamer::processResultReg (56 bytes)
Event: 1.579 Thread 0x00000000172f8000 nmethod 1265 0x0000000002b7c350 code [0x0000000002b7c4e0, 0x0000000002b7cc68]
Event: 1.579 Thread 0x00000000172f8000 1262       4       com.android.dx.ssa.back.FirstFitLocalCombiningAllocator$1::processInsn (169 bytes)

GC Heap History (2 events):
Event: 1.103 GC heap before
{Heap before GC invocations=1 (full 0):
 PSYoungGen      total 38400K, used 33280K [0x00000000eab00000, 0x00000000ed580000, 0x0000000100000000)
  eden space 33280K, 100% used [0x00000000eab00000,0x00000000ecb80000,0x00000000ecb80000)
  from space 5120K, 0% used [0x00000000ed080000,0x00000000ed080000,0x00000000ed580000)
  to   space 5120K, 0% used [0x00000000ecb80000,0x00000000ecb80000,0x00000000ed080000)
 ParOldGen       total 87552K, used 0K [0x00000000c0000000, 0x00000000c5580000, 0x00000000eab00000)
  object space 87552K, 0% used [0x00000000c0000000,0x00000000c0000000,0x00000000c5580000)
 Metaspace       used 5966K, capacity 6836K, committed 7040K, reserved 1056768K
  class space    used 600K, capacity 620K, committed 640K, reserved 1048576K
Event: 1.177 GC heap after
Heap after GC invocations=1 (full 0):
 PSYoungGen      total 38400K, used 5093K [0x00000000eab00000, 0x00000000ef600000, 0x0000000100000000)
  eden space 33280K, 0% used [0x00000000eab00000,0x00000000eab00000,0x00000000ecb80000)
  from space 5120K, 99% used [0x00000000ecb80000,0x00000000ed079628,0x00000000ed080000)
  to   space 5120K, 0% used [0x00000000ef100000,0x00000000ef100000,0x00000000ef600000)
 ParOldGen       total 87552K, used 1142K [0x00000000c0000000, 0x00000000c5580000, 0x00000000eab00000)
  object space 87552K, 1% used [0x00000000c0000000,0x00000000c011d908,0x00000000c5580000)
 Metaspace       used 5966K, capacity 6836K, committed 7040K, reserved 1056768K
  class space    used 600K, capacity 620K, committed 640K, reserved 1048576K
}

Deoptimization events (10 events):
Event: 0.630 Thread 0x0000000017562800 Uncommon trap: reason=unstable_if action=reinterpret pc=0x00000000028c05f0 method=java.util.BitSet.nextSetBit(I)I @ 87
Event: 0.634 Thread 0x0000000017562800 Uncommon trap: reason=unstable_if action=reinterpret pc=0x0000000002893c1c method=java.util.HashMap.getNode(ILjava/lang/Object;)Ljava/util/HashMap$Node; @ 129
Event: 0.673 Thread 0x0000000017562800 Uncommon trap: reason=class_check action=maybe_recompile pc=0x0000000002923bd4 method=com.android.dx.ssa.NormalSsaInsn.accept(Lcom/android/dx/ssa/SsaInsn$Visitor;)V @ 9
Event: 0.717 Thread 0x0000000017561000 Uncommon trap: reason=unstable_if action=reinterpret pc=0x000000000293db5c method=com.android.dx.rop.code.LocalItem.hashCode()I @ 25
Event: 0.719 Thread 0x0000000017658800 Uncommon trap: reason=class_check action=maybe_recompile pc=0x0000000002923bd4 method=com.android.dx.ssa.NormalSsaInsn.accept(Lcom/android/dx/ssa/SsaInsn$Visitor;)V @ 9
Event: 0.719 Thread 0x0000000017658800 Uncommon trap: reason=class_check action=maybe_recompile pc=0x0000000002923bd4 method=com.android.dx.ssa.NormalSsaInsn.accept(Lcom/android/dx/ssa/SsaInsn$Visitor;)V @ 9
Event: 0.722 Thread 0x0000000017658800 Uncommon trap: reason=class_check action=maybe_recompile pc=0x0000000002923bd4 method=com.android.dx.ssa.NormalSsaInsn.accept(Lcom/android/dx/ssa/SsaInsn$Visitor;)V @ 9
Event: 0.724 Thread 0x0000000017658800 Uncommon trap: reason=class_check action=maybe_recompile pc=0x0000000002903b30 method=com.android.dx.ssa.NormalSsaInsn.accept(Lcom/android/dx/ssa/SsaInsn$Visitor;)V @ 9
Event: 1.277 Thread 0x0000000017658800 Uncommon trap: reason=null_check action=make_not_entrant pc=0x00000000029b2d50 method=com.android.dx.ssa.SsaRenamer.getLocalForNewReg(I)Lcom/android/dx/rop/code/LocalItem; @ 19
Event: 1.278 Thread 0x0000000017658800 Uncommon trap: reason=null_check action=make_not_entrant pc=0x00000000029a58b8 method=com.android.dx.ssa.SsaRenamer.getLocalForNewReg(I)Lcom/android/dx/rop/code/LocalItem; @ 19

Internal exceptions (4 events):
Event: 0.041 Thread 0x0000000002581000 Exception <a 'java/lang/NoSuchMethodError': Method sun.misc.Unsafe.defineClass(Ljava/lang/String;[BII)Ljava/lang/Class; name or signature does not match> (0x00000000eab12d60) thrown at [C:\workspace\8-2-build-windows-amd64-cygwin\jdk8u65\4987\hotspot\src\sﬁó~çs•?
Event: 0.041 Thread 0x0000000002581000 Exception <a 'java/lang/NoSuchMethodError': Method sun.misc.Unsafe.prefetchRead(Ljava/lang/Object;J)V name or signature does not match> (0x00000000eab13048) thrown at [C:\workspace\8-2-build-windows-amd64-cygwin\jdk8u65\4987\hotspot\src\share\vm\prims\jni.¬µExPpÙ?
Event: 1.277 Thread 0x0000000017658800 Implicit null exception at 0x00000000029b15af to 0x00000000029b2d05
Event: 1.278 Thread 0x0000000017658800 Implicit null exception at 0x00000000029a4395 to 0x00000000029a5899

Events (10 events):
Event: 1.395 loading class com/android/dx/dex/file/UniformListItem
Event: 1.395 loading class com/android/dx/dex/file/UniformListItem done
Event: 1.396 loading class com/android/dx/dex/file/AnnotationSetRefItem
Event: 1.396 loading class com/android/dx/dex/file/AnnotationSetRefItem done
Event: 1.420 loading class com/android/dx/cf/attrib/AttExceptions
Event: 1.420 loading class com/android/dx/cf/attrib/AttExceptions done
Event: 1.450 loading class com/android/dx/cf/attrib/AttRuntimeInvisibleAnnotations
Event: 1.450 loading class com/android/dx/cf/attrib/AttRuntimeInvisibleAnnotations done
Event: 1.450 loading class com/android/dx/cf/attrib/BaseAnnotations
Event: 1.450 loading class com/android/dx/cf/attrib/BaseAnnotations done


Dynamic libraries:
0x00007ff60d720000 - 0x00007ff60d757000 	C:\Program Files\Java\jdk1.8.0_65\bin\java.exe
0x00007ffe41940000 - 0x00007ffe41b01000 	C:\WINDOWS\SYSTEM32\ntdll.dll
0x00007ffe40cf0000 - 0x00007ffe40d9d000 	C:\WINDOWS\system32\KERNEL32.DLL
0x00007ffe3e810000 - 0x00007ffe3e9f8000 	C:\WINDOWS\system32\KERNELBASE.dll
0x00007ffe41250000 - 0x00007ffe412f7000 	C:\WINDOWS\system32\ADVAPI32.dll
0x00007ffe40e20000 - 0x00007ffe40ebd000 	C:\WINDOWS\system32\msvcrt.dll
0x00007ffe3eed0000 - 0x00007ffe3ef2b000 	C:\WINDOWS\system32\sechost.dll
0x00007ffe3ed40000 - 0x00007ffe3ee5c000 	C:\WINDOWS\system32\RPCRT4.dll
0x00007ffe41300000 - 0x00007ffe41456000 	C:\WINDOWS\system32\USER32.dll
0x00007ffe40b60000 - 0x00007ffe40ce6000 	C:\WINDOWS\system32\GDI32.dll
0x00007ffe377f0000 - 0x00007ffe37a64000 	C:\WINDOWS\WinSxS\amd64_microsoft.windows.common-controls_6595b64144ccf1df_6.0.10586.0_none_8c15ae12515e1c22\COMCTL32.dll
0x00007ffe41570000 - 0x00007ffe417ed000 	C:\WINDOWS\system32\combase.dll
0x00007ffe3ebd0000 - 0x00007ffe3ec3a000 	C:\WINDOWS\system32\bcryptPrimitives.dll
0x00007ffe40de0000 - 0x00007ffe40e1b000 	C:\WINDOWS\system32\IMM32.DLL
0x00000000705e0000 - 0x00000000706b2000 	C:\Program Files\Java\jdk1.8.0_65\jre\bin\msvcr100.dll
0x0000000070860000 - 0x00000000710e9000 	C:\Program Files\Java\jdk1.8.0_65\jre\bin\server\jvm.dll
0x00007ffe40db0000 - 0x00007ffe40db8000 	C:\WINDOWS\system32\PSAPI.DLL
0x00007ffe31050000 - 0x00007ffe31059000 	C:\WINDOWS\SYSTEM32\WSOCK32.dll
0x00007ffe40ed0000 - 0x00007ffe40f3b000 	C:\WINDOWS\system32\WS2_32.dll
0x00007ffe3c100000 - 0x00007ffe3c123000 	C:\WINDOWS\SYSTEM32\WINMM.dll
0x00007ffe39220000 - 0x00007ffe3922a000 	C:\WINDOWS\SYSTEM32\VERSION.dll
0x00007ffe3c0b0000 - 0x00007ffe3c0dc000 	C:\WINDOWS\SYSTEM32\WINMMBASE.dll
0x00007ffe3ecd0000 - 0x00007ffe3ed13000 	C:\WINDOWS\system32\cfgmgr32.dll
0x0000000071520000 - 0x000000007152f000 	C:\Program Files\Java\jdk1.8.0_65\jre\bin\verify.dll
0x00000000714f0000 - 0x0000000071519000 	C:\Program Files\Java\jdk1.8.0_65\jre\bin\java.dll
0x00000000714d0000 - 0x00000000714e6000 	C:\Program Files\Java\jdk1.8.0_65\jre\bin\zip.dll
0x00007ffe3f5a0000 - 0x00007ffe40afc000 	C:\WINDOWS\system32\SHELL32.dll
0x00007ffe3e1c0000 - 0x00007ffe3e805000 	C:\WINDOWS\system32\windows.storage.dll
0x00007ffe3ef30000 - 0x00007ffe3ef82000 	C:\WINDOWS\system32\shlwapi.dll
0x00007ffe3dfe0000 - 0x00007ffe3dfef000 	C:\WINDOWS\system32\kernel.appcore.dll
0x00007ffe3e100000 - 0x00007ffe3e1b5000 	C:\WINDOWS\system32\shcore.dll
0x00007ffe3df60000 - 0x00007ffe3dfab000 	C:\WINDOWS\system32\powrprof.dll
0x00007ffe3dfb0000 - 0x00007ffe3dfc4000 	C:\WINDOWS\system32\profapi.dll

VM Arguments:
jvm_args: -Djava.awt.headless=true -Xmx1024M -Dfile.encoding=GBK -Duser.country=US -Duser.language=en -Duser.variant 
java_command: com.android.dx.command.Main --dex --num-threads=4 --output J:\AndroidStudioProjects\SqlApplication\app\build\intermediates\pre-dexed\debug\internal_impl-23.2.0_2c09d26b9b771c23f2b6736b1283670253f4e415.jar J:\AndroidStudioProjects\SqlApplication\app\build\intermediates\exploded-aar\com.android.support\support-v4\23.2.0\jars\libs\internal_impl-23.2.0.jar
java_class_path (initial): C:\Users\Freakingnoli\AppData\Local\Android\Sdk\build-tools\23.0.2\lib\dx.jar
Launcher Type: SUN_STANDARD

Environment Variables:
JAVA_HOME=C:\Program Files\Java\jdk1.8.0_65
PATH=C:\ProgramData\Oracle\Java\javapath;C:\Program Files (x86)\NVIDIA Corporation\PhysX\Common;C:\WINDOWS\system32;C:\WINDOWS;C:\WINDOWS\System32\Wbem;C:\WINDOWS\System32\WindowsPowerShell\v1.0\;C:\Program Files (x86)\Calibre2\;C:\Program Files (x86)\Microsoft SQL Server\90\Tools\binn\
USERNAME=Freakingnoli
OS=Windows_NT
PROCESSOR_IDENTIFIER=Intel64 Family 6 Model 58 Stepping 9, GenuineIntel



---------------  S Y S T E M  ---------------

OS: Windows 10.0 , 64 bit Build 10586 (10.0.10586.0)

CPU:total 8 (4 cores per cpu, 2 threads per core) family 6 model 58 stepping 9, cmov, cx8, fxsr, mmx, sse, sse2, sse3, ssse3, sse4.1, sse4.2, popcnt, avx, aes, clmul, erms, ht, tsc, tscinvbit, tscinv

Memory: 4k page, physical 8340400k(914452k free), swap 21448428k(5156k free)

vm_info: Java HotSpot(TM) 64-Bit Server VM (25.65-b01) for windows-amd64 JRE (1.8.0_65-b17), built on Oct  6 2015 16:39:20 by "java_re" with MS VC++ 10.0 (VS2010)

time: Thu Apr 21 15:32:58 2016
elapsed time: 1 seconds (0d 0h 0m 1s)

